0 info it worked if it ends with ok
1 verbose cli [ '/usr/local/bin/node',
1 verbose cli   '/usr/local/bin/npm',
1 verbose cli   'i',
1 verbose cli   '--save',
1 verbose cli   'babel-node' ]
2 info using npm@2.15.1
3 info using node@v4.2.1
4 verbose install initial load of /Users/jtabach/temp/react-helmet-example/package.json
5 warn package.json react-router-helmet-example@1.0.0 No repository field.
6 verbose installManyTop reading scoped package data from /Users/jtabach/temp/react-helmet-example/node_modules/babel/package.json
7 verbose installManyTop reading scoped package data from /Users/jtabach/temp/react-helmet-example/node_modules/babel-core/package.json
8 verbose installManyTop reading scoped package data from /Users/jtabach/temp/react-helmet-example/node_modules/babel-loader/package.json
9 verbose installManyTop reading scoped package data from /Users/jtabach/temp/react-helmet-example/node_modules/express/package.json
10 verbose installManyTop reading scoped package data from /Users/jtabach/temp/react-helmet-example/node_modules/history/package.json
11 verbose installManyTop reading scoped package data from /Users/jtabach/temp/react-helmet-example/node_modules/nodemon/package.json
12 verbose installManyTop reading scoped package data from /Users/jtabach/temp/react-helmet-example/node_modules/react/package.json
13 verbose installManyTop reading scoped package data from /Users/jtabach/temp/react-helmet-example/node_modules/react-dom/package.json
14 verbose installManyTop reading scoped package data from /Users/jtabach/temp/react-helmet-example/node_modules/react-helmet/package.json
15 verbose installManyTop reading scoped package data from /Users/jtabach/temp/react-helmet-example/node_modules/react-router/package.json
16 verbose installManyTop reading scoped package data from /Users/jtabach/temp/react-helmet-example/node_modules/webpack/package.json
17 verbose readDependencies loading dependencies from /Users/jtabach/temp/react-helmet-example/package.json
18 silly cache add args [ 'babel-node', null ]
19 verbose cache add spec babel-node
20 silly cache add parsed spec Result {
20 silly cache add   raw: 'babel-node',
20 silly cache add   scope: null,
20 silly cache add   name: 'babel-node',
20 silly cache add   rawSpec: '',
20 silly cache add   spec: 'latest',
20 silly cache add   type: 'tag' }
21 silly addNamed babel-node@latest
22 verbose addNamed "latest" is being treated as a dist-tag for babel-node
23 info addNameTag [ 'babel-node', 'latest' ]
24 silly mapToRegistry name babel-node
25 silly mapToRegistry using default registry
26 silly mapToRegistry registry https://registry.npmjs.org/
27 silly mapToRegistry data Result {
27 silly mapToRegistry   raw: 'babel-node',
27 silly mapToRegistry   scope: null,
27 silly mapToRegistry   name: 'babel-node',
27 silly mapToRegistry   rawSpec: '',
27 silly mapToRegistry   spec: 'latest',
27 silly mapToRegistry   type: 'tag' }
28 silly mapToRegistry uri https://registry.npmjs.org/babel-node
29 verbose addNameTag registry:https://registry.npmjs.org/babel-node not in flight; fetching
30 verbose request uri https://registry.npmjs.org/babel-node
31 verbose request no auth needed
32 info attempt registry request try #1 at 9:10:19 PM
33 verbose request id c1ed0b08337be49e
34 http request GET https://registry.npmjs.org/babel-node
35 http 404 https://registry.npmjs.org/babel-node
36 verbose headers { 'content-type': 'application/json',
36 verbose headers   'cache-control': 'max-age=0',
36 verbose headers   'content-length': '2',
36 verbose headers   'accept-ranges': 'bytes',
36 verbose headers   date: 'Wed, 18 May 2016 04:10:19 GMT',
36 verbose headers   via: '1.1 varnish',
36 verbose headers   age: '0',
36 verbose headers   connection: 'keep-alive',
36 verbose headers   'x-served-by': 'cache-ord1724-ORD',
36 verbose headers   'x-cache': 'MISS',
36 verbose headers   'x-cache-hits': '0',
36 verbose headers   'x-timer': 'S1463544619.695713,VS0,VE34',
36 verbose headers   vary: 'Accept-Encoding' }
37 silly get cb [ 404,
37 silly get   { 'content-type': 'application/json',
37 silly get     'cache-control': 'max-age=0',
37 silly get     'content-length': '2',
37 silly get     'accept-ranges': 'bytes',
37 silly get     date: 'Wed, 18 May 2016 04:10:19 GMT',
37 silly get     via: '1.1 varnish',
37 silly get     age: '0',
37 silly get     connection: 'keep-alive',
37 silly get     'x-served-by': 'cache-ord1724-ORD',
37 silly get     'x-cache': 'MISS',
37 silly get     'x-cache-hits': '0',
37 silly get     'x-timer': 'S1463544619.695713,VS0,VE34',
37 silly get     vary: 'Accept-Encoding' } ]
38 verbose stack Error: Registry returned 404 for GET on https://registry.npmjs.org/babel-node
38 verbose stack     at makeError (/usr/local/lib/node_modules/npm/node_modules/npm-registry-client/lib/request.js:264:12)
38 verbose stack     at CachingRegistryClient.<anonymous> (/usr/local/lib/node_modules/npm/node_modules/npm-registry-client/lib/request.js:242:14)
38 verbose stack     at Request._callback (/usr/local/lib/node_modules/npm/node_modules/npm-registry-client/lib/request.js:172:14)
38 verbose stack     at Request.self.callback (/usr/local/lib/node_modules/npm/node_modules/request/request.js:199:22)
38 verbose stack     at emitTwo (events.js:87:13)
38 verbose stack     at Request.emit (events.js:172:7)
38 verbose stack     at Request.<anonymous> (/usr/local/lib/node_modules/npm/node_modules/request/request.js:1036:10)
38 verbose stack     at emitOne (events.js:82:20)
38 verbose stack     at Request.emit (events.js:169:7)
38 verbose stack     at IncomingMessage.<anonymous> (/usr/local/lib/node_modules/npm/node_modules/request/request.js:963:12)
39 verbose statusCode 404
40 verbose pkgid babel-node
41 verbose cwd /Users/jtabach/temp/react-helmet-example
42 error Darwin 14.5.0
43 error argv "/usr/local/bin/node" "/usr/local/bin/npm" "i" "--save" "babel-node"
44 error node v4.2.1
45 error npm  v2.15.1
46 error code E404
47 error 404 Registry returned 404 for GET on https://registry.npmjs.org/babel-node
47 error 404
47 error 404 'babel-node' is not in the npm registry.
47 error 404 You should bug the author to publish it (or use the name yourself!)
47 error 404 It was specified as a dependency of 'react-router-helmet-example'
47 error 404
47 error 404 Note that you can also install from a
47 error 404 tarball, folder, http url, or git url.
48 verbose exit [ 1, true ]
